<?xml version="1.0" encoding="UTF-8"?>
<!-- Generated by org.testng.reporters.JUnitReportReporter -->
<testsuite hostname="DESKTOP-O3K8CKS" failures="0" tests="1" name="test_Cases.Pay_User_003TestCases" time="18.470" errors="0" timestamp="2025-03-25T16:27:22 IST" skipped="0">
  <testcase classname="test_Cases.Pay_User_003TestCases" name="payUser" time="18.470"/>
</testsuite> <!-- test_Cases.Pay_User_003TestCases -->
