<?xml version="1.0" encoding="UTF-8"?>
<!-- Generated by org.testng.reporters.JUnitReportReporter -->
<testsuite hostname="DESKTOP-O3K8CKS" failures="0" tests="1" name="test_Cases.Register_TestCases" time="34.857" errors="0" timestamp="2025-03-20T14:58:06 IST" skipped="0">
  <testcase classname="test_Cases.Register_TestCases" name="RegisterTest" time="34.857"/>
</testsuite> <!-- test_Cases.Register_TestCases -->
