<?xml version="1.0" encoding="UTF-8"?>
<!-- Generated by org.testng.reporters.JUnitReportReporter -->
<testsuite hostname="DESKTOP-O3K8CKS" failures="0" tests="1" name="test_Cases.Login_002TestCases" time="3.078" errors="0" timestamp="2025-03-25T08:54:14 IST" skipped="0">
  <testcase classname="test_Cases.Login_002TestCases" name="LoginTest" time="3.078"/>
</testsuite> <!-- test_Cases.Login_002TestCases -->
